Base path: 'D:/Unity/2019.4.12f1/Editor/Data', plugins path 'D:/Unity/2019.4.12f1/Editor/Data/PlaybackEngines'
Cmd: initializeCompiler
Cmd: preprocess
  insize=7085 outsize=5480 ok=1
Cmd: preprocess
  error: 1 plat 21 at (0): texcoord2 missing from surface shader's vertex input struct (appdata), disabled dynamic GI and meta pass generation
  insize=7579 outsize=6351 ok=1
Cmd: preprocess
  insize=7457 outsize=4075 ok=1
Cmd: preprocessCompute
  insize=6564 outsize=6563 ok=1
Cmd: preprocess
  insize=8535 outsize=6924 ok=1
Cmd: preprocess
  insize=6185 outsize=5479 ok=1
Cmd: preprocess
  insize=6220 outsize=5775 ok=1
Cmd: preprocess
  insize=6245 outsize=5336 ok=1
Cmd: preprocess
  insize=6731 outsize=5509 ok=1
Cmd: preprocess
  insize=6726 outsize=5258 ok=1
Cmd: preprocess
  insize=7153 outsize=5494 ok=1
Cmd: preprocess
  error: 1 plat 21 at (0): texcoord2 missing from surface shader's vertex input struct (appdata), disabled dynamic GI and meta pass generation
  insize=6184 outsize=5174 ok=1
Cmd: preprocess
  insize=7354 outsize=5275 ok=1
Cmd: preprocess
  error: 1 plat 21 at (0): texcoord2 missing from surface shader's vertex input struct (appdata), disabled dynamic GI and meta pass generation
  insize=7798 outsize=6797 ok=1
